npm error code ERESOLVE
npm error ERESOLVE unable to resolve dependency tree
npm error
npm error While resolving: my-assignment@0.1.0
npm error Found: react@19.1.0
npm error node_modules/react
npm error   react@"19.1.0" from the root project
npm error
npm error Could not resolve dependency:
npm error peer react@"^16.8.0 || ^17.0.0 || ^18.0.0" from @storybook/react@7.6.20
npm error node_modules/@storybook/react
npm error   dev @storybook/react@"7.6.20" from the root project
npm error
npm error Fix the upstream dependency conflict, or retry
npm error this command with --force or --legacy-peer-deps
npm error to accept an incorrect (and potentially broken) dependency resolution.
npm error
npm error
npm error For a full report see:
npm error C:\Users\ompar\AppData\Local\npm-cache\_logs\2025-08-16T12_44_12_464Z-eresolve-report.txt
npm error A complete log of this run can be found in: C:\Users\ompar\AppData\Local\npm-cache\_logs\2025-08-16T12_44_12_464Z-debug-0.log
